[error][2019/12/25 20:52:10][function handlerErr(err, response, from) ]:trycatch:(rapserver/html/index.html)Error: {"msg":"rapserver/html/index.html","code":404}
    at throwError (D:\git\rapserver-github\rapserver\core\rap.error.js:11:9)
    at getFileRealPath (D:\git\rapserver-github\rapserver\core\rap.response.js:109:9)
    at responseData (D:\git\rapserver-github\rapserver\core\rap.response.js:128:24)
    at handleFileAction (D:\git\rapserver-github\rapserver\core\rap.response.js:350:4)
    at followResponse (D:\git\rapserver-github\rapserver\core\rap.response.js:439:13)
    at setFinish (D:\git\rapserver-github\rapserver\core\rap.response.js:383:3)
    at / (D:\git\rapserver-github\rapserver\action\index.js:27:9)
    at followResponseByAction (D:\git\rapserver-github\rapserver\core\rap.response.js:388:15)
    at followResponse (D:\git\rapserver-github\rapserver\core\rap.response.js:428:13)
    at module.exports (D:\git\rapserver-github\rapserver\core\rap.response.js:472:3)
[error][2019/12/25 20:52:14][function handlerErr(err, response, from) ]:trycatch:(rapserver/html/index.html)Error: {"msg":"rapserver/html/index.html","code":404}
    at throwError (D:\git\rapserver-github\rapserver\core\rap.error.js:11:9)
    at getFileRealPath (D:\git\rapserver-github\rapserver\core\rap.response.js:109:9)
    at responseData (D:\git\rapserver-github\rapserver\core\rap.response.js:128:24)
    at handleFileAction (D:\git\rapserver-github\rapserver\core\rap.response.js:350:4)
    at followResponse (D:\git\rapserver-github\rapserver\core\rap.response.js:439:13)
    at setFinish (D:\git\rapserver-github\rapserver\core\rap.response.js:383:3)
    at / (D:\git\rapserver-github\rapserver\action\index.js:27:9)
    at followResponseByAction (D:\git\rapserver-github\rapserver\core\rap.response.js:388:15)
    at followResponse (D:\git\rapserver-github\rapserver\core\rap.response.js:428:13)
    at module.exports (D:\git\rapserver-github\rapserver\core\rap.response.js:472:3)
[error][2019/12/25 20:54:04][function handlerErr(err, response, from) ]:trycatch:(rapserver/html/index.html)Error: {"msg":"rapserver/html/index.html","code":404}
    at throwError (D:\git\rapserver-github\rapserver\core\rap.error.js:11:9)
    at getFileRealPath (D:\git\rapserver-github\rapserver\core\rap.response.js:109:9)
    at responseData (D:\git\rapserver-github\rapserver\core\rap.response.js:128:24)
    at handleFileAction (D:\git\rapserver-github\rapserver\core\rap.response.js:350:4)
    at followResponse (D:\git\rapserver-github\rapserver\core\rap.response.js:439:13)
    at setFinish (D:\git\rapserver-github\rapserver\core\rap.response.js:383:3)
    at / (D:\git\rapserver-github\rapserver\action\index.js:27:9)
    at followResponseByAction (D:\git\rapserver-github\rapserver\core\rap.response.js:388:15)
    at followResponse (D:\git\rapserver-github\rapserver\core\rap.response.js:428:13)
    at module.exports (D:\git\rapserver-github\rapserver\core\rap.response.js:472:3)
[error][2019/12/25 20:55:11][function handlerErr(err, response, from) ]:trycatch:(/rapserver/html/index.html)Error: {"msg":"/rapserver/html/index.html","code":404}
    at throwError (D:\git\rapserver-github\rapserver\core\rap.error.js:11:9)
    at getFileRealPath (D:\git\rapserver-github\rapserver\core\rap.response.js:109:9)
    at responseData (D:\git\rapserver-github\rapserver\core\rap.response.js:128:24)
    at handleFileAction (D:\git\rapserver-github\rapserver\core\rap.response.js:350:4)
    at followResponse (D:\git\rapserver-github\rapserver\core\rap.response.js:439:13)
    at module.exports (D:\git\rapserver-github\rapserver\core\rap.response.js:472:3)
    at D:\git\rapserver-github\rapserver\rap.server.js:108:17
    at module.exports (D:\git\rapserver-github\rapserver\core\rap.request.js:118:3)
    at Domain.d.run (D:\git\rapserver-github\rapserver\rap.server.js:106:13)
    at Domain.run (domain.js:349:14)
