[log][2019/12/25 20:52:10][function (req,callback) ]:ç´¯è®¡è¯·æ±‚:[31m1[39m è¯·æ±‚ç±»å‹:GETè¯·æ±‚url:/è¯·æ±‚å‚æ•°ï¼š{}
[log][2019/12/25 20:52:14][function (req,callback) ]:ç´¯è®¡è¯·æ±‚:[31m2[39m è¯·æ±‚ç±»å‹:GETè¯·æ±‚url:/è¯·æ±‚å‚æ•°ï¼š{}
[log][2019/12/25 20:54:04][function (req,callback) ]:ç´¯è®¡è¯·æ±‚:[31m3[39m è¯·æ±‚ç±»å‹:GETè¯·æ±‚url:/è¯·æ±‚å‚æ•°ï¼š{}
[log][2019/12/25 20:55:11][function (req,callback) ]:ç´¯è®¡è¯·æ±‚:[31m1[39m è¯·æ±‚ç±»å‹:GETè¯·æ±‚url:/rapserver/html/index.htmlè¯·æ±‚å‚æ•°ï¼š{}
[log][2019/12/25 21:01:10][function (req,callback) ]:ç´¯è®¡è¯·æ±‚:[31m2[39m è¯·æ±‚ç±»å‹:GETè¯·æ±‚url:/è¯·æ±‚å‚æ•°ï¼š{}
[log][2019/12/25 21:01:10][function responseData(ret, request, response, type,isFile) ]:è¯·æ±‚ç»“æœä¸ºé™æ€æ–‡ä»¶ï¼šD:/git/rapserver-github/rapserver/static/dest/rapserver/html/index.html
[log][2019/12/25 21:01:10][function (req,callback) ]:ç´¯è®¡è¯·æ±‚:[31m3[39m è¯·æ±‚ç±»å‹:GETè¯·æ±‚url:/rapserver/css/base.cssè¯·æ±‚å‚æ•°ï¼š{}
[log][2019/12/25 21:01:10][function responseData(ret, request, response, type,isFile) ]:è¯·æ±‚ç»“æœä¸ºé™æ€æ–‡ä»¶ï¼šD:/git/rapserver-github/rapserver/static/dest/rapserver/css/base.css
[log][2019/12/25 21:01:10][function (req,callback) ]:ç´¯è®¡è¯·æ±‚:[31m4[39m è¯·æ±‚ç±»å‹:GETè¯·æ±‚url:/rapserver/css/form.cssè¯·æ±‚å‚æ•°ï¼š{}
[log][2019/12/25 21:01:10][function responseData(ret, request, response, type,isFile) ]:è¯·æ±‚ç»“æœä¸ºé™æ€æ–‡ä»¶ï¼šD:/git/rapserver-github/rapserver/static/dest/rapserver/css/form.css
[log][2019/12/25 21:01:10][function (req,callback) ]:ç´¯è®¡è¯·æ±‚:[31m5[39m è¯·æ±‚ç±»å‹:GETè¯·æ±‚url:/rapserver/css/btn.cssè¯·æ±‚å‚æ•°ï¼š{}
[log][2019/12/25 21:01:10][function responseData(ret, request, response, type,isFile) ]:è¯·æ±‚ç»“æœä¸ºé™æ€æ–‡ä»¶ï¼šD:/git/rapserver-github/rapserver/static/dest/rapserver/css/btn.css
[log][2019/12/25 21:01:10][function (req,callback) ]:ç´¯è®¡è¯·æ±‚:[31m6[39m è¯·æ±‚ç±»å‹:GETè¯·æ±‚url:/rapserver/css/iconmoon/style.cssè¯·æ±‚å‚æ•°ï¼š{}
[log][2019/12/25 21:01:10][function responseData(ret, request, response, type,isFile) ]:è¯·æ±‚ç»“æœä¸ºé™æ€æ–‡ä»¶ï¼šD:/git/rapserver-github/rapserver/static/dest/rapserver/css/iconmoon/style.css
[log][2019/12/25 21:01:10][function (req,callback) ]:ç´¯è®¡è¯·æ±‚:[31m7[39m è¯·æ±‚ç±»å‹:GETè¯·æ±‚url:/rapserver/css/loading.cssè¯·æ±‚å‚æ•°ï¼š{}
[log][2019/12/25 21:01:10][function responseData(ret, request, response, type,isFile) ]:è¯·æ±‚ç»“æœä¸ºé™æ€æ–‡ä»¶ï¼šD:/git/rapserver-github/rapserver/static/dest/rapserver/css/loading.css
[log][2019/12/25 21:01:10][function (req,callback) ]:ç´¯è®¡è¯·æ±‚:[31m8[39m è¯·æ±‚ç±»å‹:GETè¯·æ±‚url:/rapserver/js/RBT/dialog.cssè¯·æ±‚å‚æ•°ï¼š{}
[log][2019/12/25 21:01:10][function responseData(ret, request, response, type,isFile) ]:è¯·æ±‚ç»“æœä¸ºé™æ€æ–‡ä»¶ï¼šD:/git/rapserver-github/rapserver/static/dest/rapserver/js/RBT/dialog.css
[log][2019/12/25 21:01:10][function (req,callback) ]:ç´¯è®¡è¯·æ±‚:[31m9[39m è¯·æ±‚ç±»å‹:GETè¯·æ±‚url:/rapserver/css/down-menu.cssè¯·æ±‚å‚æ•°ï¼š{}
[log][2019/12/25 21:01:10][function responseData(ret, request, response, type,isFile) ]:è¯·æ±‚ç»“æœä¸ºé™æ€æ–‡ä»¶ï¼šD:/git/rapserver-github/rapserver/static/dest/rapserver/css/down-menu.css
[log][2019/12/25 21:01:10][function (req,callback) ]:ç´¯è®¡è¯·æ±‚:[31m10[39m è¯·æ±‚ç±»å‹:GETè¯·æ±‚url:/rapserver/css/label.cssè¯·æ±‚å‚æ•°ï¼š{}
[log][2019/12/25 21:01:10][function responseData(ret, request, response, type,isFile) ]:è¯·æ±‚ç»“æœä¸ºé™æ€æ–‡ä»¶ï¼šD:/git/rapserver-github/rapserver/static/dest/rapserver/css/label.css
[log][2019/12/25 21:01:10][function (req,callback) ]:ç´¯è®¡è¯·æ±‚:[31m11[39m è¯·æ±‚ç±»å‹:GETè¯·æ±‚url:/rapserver/css/module/layout-header.cssè¯·æ±‚å‚æ•°ï¼š{}
[log][2019/12/25 21:01:10][function responseData(ret, request, response, type,isFile) ]:è¯·æ±‚ç»“æœä¸ºé™æ€æ–‡ä»¶ï¼šD:/git/rapserver-github/rapserver/static/dest/rapserver/css/module/layout-header.css
[log][2019/12/25 21:01:10][function (req,callback) ]:ç´¯è®¡è¯·æ±‚:[31m12[39m è¯·æ±‚ç±»å‹:GETè¯·æ±‚url:/rapserver/css/html/index.cssè¯·æ±‚å‚æ•°ï¼š{}
[log][2019/12/25 21:01:10][function responseData(ret, request, response, type,isFile) ]:è¯·æ±‚ç»“æœä¸ºé™æ€æ–‡ä»¶ï¼šD:/git/rapserver-github/rapserver/static/dest/rapserver/css/html/index.css
[log][2019/12/25 21:01:10][function (req,callback) ]:ç´¯è®¡è¯·æ±‚:[31m13[39m è¯·æ±‚ç±»å‹:GETè¯·æ±‚url:/rapserver/css/module/layout-footer.cssè¯·æ±‚å‚æ•°ï¼š{}
[log][2019/12/25 21:01:10][function responseData(ret, request, response, type,isFile) ]:è¯·æ±‚ç»“æœä¸ºé™æ€æ–‡ä»¶ï¼šD:/git/rapserver-github/rapserver/static/dest/rapserver/css/module/layout-footer.css
[log][2019/12/25 21:01:10][function (req,callback) ]:ç´¯è®¡è¯·æ±‚:[31m14[39m è¯·æ±‚ç±»å‹:GETè¯·æ±‚url:/rapserver/js/RBT/prototype.jsè¯·æ±‚å‚æ•°ï¼š{}
[log][2019/12/25 21:01:10][function responseData(ret, request, response, type,isFile) ]:è¯·æ±‚ç»“æœä¸ºé™æ€æ–‡ä»¶ï¼šD:/git/rapserver-github/rapserver/static/dest/rapserver/js/RBT/prototype.js
[log][2019/12/25 21:01:10][function (req,callback) ]:ç´¯è®¡è¯·æ±‚:[31m15[39m è¯·æ±‚ç±»å‹:GETè¯·æ±‚url:/rapserver/js/RBT/each.jsè¯·æ±‚å‚æ•°ï¼š{}
[log][2019/12/25 21:01:10][function responseData(ret, request, response, type,isFile) ]:è¯·æ±‚ç»“æœä¸ºé™æ€æ–‡ä»¶ï¼šD:/git/rapserver-github/rapserver/static/dest/rapserver/js/RBT/each.js
[log][2019/12/25 21:01:10][function (req,callback) ]:ç´¯è®¡è¯·æ±‚:[31m16[39m è¯·æ±‚ç±»å‹:GETè¯·æ±‚url:/rapserver/js/RBT/extend.jsè¯·æ±‚å‚æ•°ï¼š{}
[log][2019/12/25 21:01:10][function responseData(ret, request, response, type,isFile) ]:è¯·æ±‚ç»“æœä¸ºé™æ€æ–‡ä»¶ï¼šD:/git/rapserver-github/rapserver/static/dest/rapserver/js/RBT/extend.js
[log][2019/12/25 21:01:10][function (req,callback) ]:ç´¯è®¡è¯·æ±‚:[31m17[39m è¯·æ±‚ç±»å‹:GETè¯·æ±‚url:/rapserver/js/RBT/browser.jsè¯·æ±‚å‚æ•°ï¼š{}
[log][2019/12/25 21:01:10][function responseData(ret, request, response, type,isFile) ]:è¯·æ±‚ç»“æœä¸ºé™æ€æ–‡ä»¶ï¼šD:/git/rapserver-github/rapserver/static/dest/rapserver/js/RBT/browser.js
[log][2019/12/25 21:01:10][function (req,callback) ]:ç´¯è®¡è¯·æ±‚:[31m18[39m è¯·æ±‚ç±»å‹:GETè¯·æ±‚url:/rapserver/js/RBT/dom.jsè¯·æ±‚å‚æ•°ï¼š{}
[log][2019/12/25 21:01:10][function responseData(ret, request, response, type,isFile) ]:è¯·æ±‚ç»“æœä¸ºé™æ€æ–‡ä»¶ï¼šD:/git/rapserver-github/rapserver/static/dest/rapserver/js/RBT/dom.js
[log][2019/12/25 21:01:10][function (req,callback) ]:ç´¯è®¡è¯·æ±‚:[31m19[39m è¯·æ±‚ç±»å‹:GETè¯·æ±‚url:/rapserver/js/RBT/ajax.jsè¯·æ±‚å‚æ•°ï¼š{}
[log][2019/12/25 21:01:10][function responseData(ret, request, response, type,isFile) ]:è¯·æ±‚ç»“æœä¸ºé™æ€æ–‡ä»¶ï¼šD:/git/rapserver-github/rapserver/static/dest/rapserver/js/RBT/ajax.js
[log][2019/12/25 21:01:10][function (req,callback) ]:ç´¯è®¡è¯·æ±‚:[31m20[39m è¯·æ±‚ç±»å‹:GETè¯·æ±‚url:/rapserver/js/RBT/resize.jsè¯·æ±‚å‚æ•°ï¼š{}
[log][2019/12/25 21:01:10][function responseData(ret, request, response, type,isFile) ]:è¯·æ±‚ç»“æœä¸ºé™æ€æ–‡ä»¶ï¼šD:/git/rapserver-github/rapserver/static/dest/rapserver/js/RBT/resize.js
[log][2019/12/25 21:01:10][function (req,callback) ]:ç´¯è®¡è¯·æ±‚:[31m21[39m è¯·æ±‚ç±»å‹:GETè¯·æ±‚url:/rapserver/js/RBT/localStorage.jsè¯·æ±‚å‚æ•°ï¼š{}
[log][2019/12/25 21:01:10][function responseData(ret, request, response, type,isFile) ]:è¯·æ±‚ç»“æœä¸ºé™æ€æ–‡ä»¶ï¼šD:/git/rapserver-github/rapserver/static/dest/rapserver/js/RBT/localStorage.js
[log][2019/12/25 21:01:10][function (req,callback) ]:ç´¯è®¡è¯·æ±‚:[31m22[39m è¯·æ±‚ç±»å‹:GETè¯·æ±‚url:/rapserver/js/RBT/url.jsè¯·æ±‚å‚æ•°ï¼š{}
[log][2019/12/25 21:01:10][function responseData(ret, request, response, type,isFile) ]:è¯·æ±‚ç»“æœä¸ºé™æ€æ–‡ä»¶ï¼šD:/git/rapserver-github/rapserver/static/dest/rapserver/js/RBT/url.js
[log][2019/12/25 21:01:10][function (req,callback) ]:ç´¯è®¡è¯·æ±‚:[31m23[39m è¯·æ±‚ç±»å‹:GETè¯·æ±‚url:/rapserver/js/RBT/template.jsè¯·æ±‚å‚æ•°ï¼š{}
[log][2019/12/25 21:01:10][function responseData(ret, request, response, type,isFile) ]:è¯·æ±‚ç»“æœä¸ºé™æ€æ–‡ä»¶ï¼šD:/git/rapserver-github/rapserver/static/dest/rapserver/js/RBT/template.js
[log][2019/12/25 21:01:10][function (req,callback) ]:ç´¯è®¡è¯·æ±‚:[31m24[39m è¯·æ±‚ç±»å‹:GETè¯·æ±‚url:/rapserver/js/RBT/downMenu.jsè¯·æ±‚å‚æ•°ï¼š{}
[log][2019/12/25 21:01:10][function responseData(ret, request, response, type,isFile) ]:è¯·æ±‚ç»“æœä¸ºé™æ€æ–‡ä»¶ï¼šD:/git/rapserver-github/rapserver/static/dest/rapserver/js/RBT/downMenu.js
[log][2019/12/25 21:01:10][function (req,callback) ]:ç´¯è®¡è¯·æ±‚:[31m25[39m è¯·æ±‚ç±»å‹:GETè¯·æ±‚url:/rapserver/js/RBT/floatHeight.jsè¯·æ±‚å‚æ•°ï¼š{}
[log][2019/12/25 21:01:10][function responseData(ret, request, response, type,isFile) ]:è¯·æ±‚ç»“æœä¸ºé™æ€æ–‡ä»¶ï¼šD:/git/rapserver-github/rapserver/static/dest/rapserver/js/RBT/floatHeight.js
[log][2019/12/25 21:01:10][function (req,callback) ]:ç´¯è®¡è¯·æ±‚:[31m26[39m è¯·æ±‚ç±»å‹:GETè¯·æ±‚url:/rapserver/js/RBT/validForm.jsè¯·æ±‚å‚æ•°ï¼š{}
[log][2019/12/25 21:01:10][function responseData(ret, request, response, type,isFile) ]:è¯·æ±‚ç»“æœä¸ºé™æ€æ–‡ä»¶ï¼šD:/git/rapserver-github/rapserver/static/dest/rapserver/js/RBT/validForm.js
[log][2019/12/25 21:01:10][function (req,callback) ]:ç´¯è®¡è¯·æ±‚:[31m27[39m è¯·æ±‚ç±»å‹:GETè¯·æ±‚url:/rapserver/js/RBT/dialog.jsè¯·æ±‚å‚æ•°ï¼š{}
[log][2019/12/25 21:01:10][function responseData(ret, request, response, type,isFile) ]:è¯·æ±‚ç»“æœä¸ºé™æ€æ–‡ä»¶ï¼šD:/git/rapserver-github/rapserver/static/dest/rapserver/js/RBT/dialog.js
[log][2019/12/25 21:01:10][function (req,callback) ]:ç´¯è®¡è¯·æ±‚:[31m28[39m è¯·æ±‚ç±»å‹:GETè¯·æ±‚url:/rapserver/js/RBT/socket.jsè¯·æ±‚å‚æ•°ï¼š{}
[log][2019/12/25 21:01:10][function responseData(ret, request, response, type,isFile) ]:è¯·æ±‚ç»“æœä¸ºé™æ€æ–‡ä»¶ï¼šD:/git/rapserver-github/rapserver/static/dest/rapserver/js/RBT/socket.js
[log][2019/12/25 21:01:10][function (req,callback) ]:ç´¯è®¡è¯·æ±‚:[31m29[39m è¯·æ±‚ç±»å‹:GETè¯·æ±‚url:/rapserver/js/RBT/chart.jsè¯·æ±‚å‚æ•°ï¼š{}
[log][2019/12/25 21:01:10][function responseData(ret, request, response, type,isFile) ]:è¯·æ±‚ç»“æœä¸ºé™æ€æ–‡ä»¶ï¼šD:/git/rapserver-github/rapserver/static/dest/rapserver/js/RBT/chart.js
[log][2019/12/25 21:01:10][function (req,callback) ]:ç´¯è®¡è¯·æ±‚:[31m30[39m è¯·æ±‚ç±»å‹:GETè¯·æ±‚url:/rapserver/js/RBT/performance.jsè¯·æ±‚å‚æ•°ï¼š{}
[log][2019/12/25 21:01:10][function responseData(ret, request, response, type,isFile) ]:è¯·æ±‚ç»“æœä¸ºé™æ€æ–‡ä»¶ï¼šD:/git/rapserver-github/rapserver/static/dest/rapserver/js/RBT/performance.js
[log][2019/12/25 21:01:10][function (req,callback) ]:ç´¯è®¡è¯·æ±‚:[31m31[39m è¯·æ±‚ç±»å‹:GETè¯·æ±‚url:/rapserver/js/module/layout-header.jsè¯·æ±‚å‚æ•°ï¼š{}
[log][2019/12/25 21:01:10][function responseData(ret, request, response, type,isFile) ]:è¯·æ±‚ç»“æœä¸ºé™æ€æ–‡ä»¶ï¼šD:/git/rapserver-github/rapserver/static/dest/rapserver/js/module/layout-header.js
[log][2019/12/25 21:01:10][function (req,callback) ]:ç´¯è®¡è¯·æ±‚:[31m32[39m è¯·æ±‚ç±»å‹:GETè¯·æ±‚url:/rapserver/js/html/index.jsè¯·æ±‚å‚æ•°ï¼š{}
[log][2019/12/25 21:01:10][function responseData(ret, request, response, type,isFile) ]:è¯·æ±‚ç»“æœä¸ºé™æ€æ–‡ä»¶ï¼šD:/git/rapserver-github/rapserver/static/dest/rapserver/js/html/index.js
[log][2019/12/25 21:01:10][function (req,callback) ]:ç´¯è®¡è¯·æ±‚:[31m33[39m è¯·æ±‚ç±»å‹:GETè¯·æ±‚url:/rapserver/js/RBT/dl-img/loading.gifè¯·æ±‚å‚æ•°ï¼š{}
[log][2019/12/25 21:01:10][function responseData(ret, request, response, type,isFile) ]:è¯·æ±‚ç»“æœä¸ºé™æ€æ–‡ä»¶ï¼šD:/git/rapserver-github/rapserver/static/dest/rapserver/js/RBT/dl-img/loading.gif
[log][2019/12/25 21:01:10][function (req,callback) ]:ç´¯è®¡è¯·æ±‚:[31m34[39m è¯·æ±‚ç±»å‹:GETè¯·æ±‚url:/rapserver/img/logo.pngè¯·æ±‚å‚æ•°ï¼š{}
[log][2019/12/25 21:01:10][function responseData(ret, request, response, type,isFile) ]:è¯·æ±‚ç»“æœä¸ºé™æ€æ–‡ä»¶ï¼šD:/git/rapserver-github/rapserver/static/dest/rapserver/img/logo.png
[log][2019/12/25 21:01:10][function (req,callback) ]:ç´¯è®¡è¯·æ±‚:[31m35[39m è¯·æ±‚ç±»å‹:GETè¯·æ±‚url:/rapserver/css/iconmoon/fonts/icomoon.ttfè¯·æ±‚å‚æ•°ï¼š{"a0opvm":""}
[log][2019/12/25 21:01:10][function responseData(ret, request, response, type,isFile) ]:è¯·æ±‚ç»“æœä¸ºé™æ€æ–‡ä»¶ï¼šD:/git/rapserver-github/rapserver/static/dest/rapserver/css/iconmoon/fonts/icomoon.ttf
[log][2019/12/25 21:01:11][function (req,callback) ]:ç´¯è®¡è¯·æ±‚:[31m36[39m è¯·æ±‚ç±»å‹:GETè¯·æ±‚url:/root/getè¯·æ±‚å‚æ•°ï¼š{}
[log][2019/12/25 21:01:11][function responseData(ret, request, response, type,isFile) ]:è¯·æ±‚ç»“æœapplication/json
[log][2019/12/25 21:01:11][function responseData(ret, request, response, type,isFile) ]:è¯·æ±‚ç»“æœapplication/json
[log][2019/12/25 21:01:11][function (req,callback) ]:ç´¯è®¡è¯·æ±‚:[31m37[39m è¯·æ±‚ç±»å‹:GETè¯·æ±‚url:/rapserver/favicon.icoè¯·æ±‚å‚æ•°ï¼š{"rootId":"rapserver"}
[log][2019/12/25 21:01:11][function responseData(ret, request, response, type,isFile) ]:è¯·æ±‚ç»“æœä¸ºé™æ€æ–‡ä»¶ï¼šD:/git/rapserver-github/rapserver/static/dest/rapserver/favicon.ico
[log][2019/12/25 21:02:42][function (req,callback) ]:ç´¯è®¡è¯·æ±‚:[31m1[39m è¯·æ±‚ç±»å‹:GETè¯·æ±‚url:/è¯·æ±‚å‚æ•°ï¼š{}
[log][2019/12/25 21:02:42][function responseData(ret, request, response, type,isFile) ]:è¯·æ±‚ç»“æœä¸ºé™æ€æ–‡ä»¶ï¼šD:/git/rapserver-github/rapserver/static/dest/rapserver/html/index.html
[log][2019/12/25 21:02:42][function (req,callback) ]:ç´¯è®¡è¯·æ±‚:[31m2[39m è¯·æ±‚ç±»å‹:GETè¯·æ±‚url:/rapserver/css/base.cssè¯·æ±‚å‚æ•°ï¼š{}
[log][2019/12/25 21:02:42][function responseData(ret, request, response, type,isFile) ]:è¯·æ±‚ç»“æœä¸ºé™æ€æ–‡ä»¶ï¼šD:/git/rapserver-github/rapserver/static/dest/rapserver/css/base.css
[log][2019/12/25 21:02:42][function (req,callback) ]:ç´¯è®¡è¯·æ±‚:[31m3[39m è¯·æ±‚ç±»å‹:GETè¯·æ±‚url:/rapserver/css/form.cssè¯·æ±‚å‚æ•°ï¼š{}
[log][2019/12/25 21:02:42][function responseData(ret, request, response, type,isFile) ]:è¯·æ±‚ç»“æœä¸ºé™æ€æ–‡ä»¶ï¼šD:/git/rapserver-github/rapserver/static/dest/rapserver/css/form.css
[log][2019/12/25 21:02:42][function (req,callback) ]:ç´¯è®¡è¯·æ±‚:[31m4[39m è¯·æ±‚ç±»å‹:GETè¯·æ±‚url:/rapserver/css/btn.cssè¯·æ±‚å‚æ•°ï¼š{}
[log][2019/12/25 21:02:42][function responseData(ret, request, response, type,isFile) ]:è¯·æ±‚ç»“æœä¸ºé™æ€æ–‡ä»¶ï¼šD:/git/rapserver-github/rapserver/static/dest/rapserver/css/btn.css
[log][2019/12/25 21:02:42][function (req,callback) ]:ç´¯è®¡è¯·æ±‚:[31m5[39m è¯·æ±‚ç±»å‹:GETè¯·æ±‚url:/rapserver/css/iconmoon/style.cssè¯·æ±‚å‚æ•°ï¼š{}
[log][2019/12/25 21:02:42][function responseData(ret, request, response, type,isFile) ]:è¯·æ±‚ç»“æœä¸ºé™æ€æ–‡ä»¶ï¼šD:/git/rapserver-github/rapserver/static/dest/rapserver/css/iconmoon/style.css
[log][2019/12/25 21:02:42][function (req,callback) ]:ç´¯è®¡è¯·æ±‚:[31m6[39m è¯·æ±‚ç±»å‹:GETè¯·æ±‚url:/rapserver/css/loading.cssè¯·æ±‚å‚æ•°ï¼š{}
[log][2019/12/25 21:02:42][function responseData(ret, request, response, type,isFile) ]:è¯·æ±‚ç»“æœä¸ºé™æ€æ–‡ä»¶ï¼šD:/git/rapserver-github/rapserver/static/dest/rapserver/css/loading.css
[log][2019/12/25 21:02:42][function (req,callback) ]:ç´¯è®¡è¯·æ±‚:[31m7[39m è¯·æ±‚ç±»å‹:GETè¯·æ±‚url:/rapserver/js/RBT/dialog.cssè¯·æ±‚å‚æ•°ï¼š{}
[log][2019/12/25 21:02:42][function responseData(ret, request, response, type,isFile) ]:è¯·æ±‚ç»“æœä¸ºé™æ€æ–‡ä»¶ï¼šD:/git/rapserver-github/rapserver/static/dest/rapserver/js/RBT/dialog.css
[log][2019/12/25 21:02:42][function (req,callback) ]:ç´¯è®¡è¯·æ±‚:[31m8[39m è¯·æ±‚ç±»å‹:GETè¯·æ±‚url:/rapserver/css/down-menu.cssè¯·æ±‚å‚æ•°ï¼š{}
[log][2019/12/25 21:02:42][function responseData(ret, request, response, type,isFile) ]:è¯·æ±‚ç»“æœä¸ºé™æ€æ–‡ä»¶ï¼šD:/git/rapserver-github/rapserver/static/dest/rapserver/css/down-menu.css
[log][2019/12/25 21:02:42][function (req,callback) ]:ç´¯è®¡è¯·æ±‚:[31m9[39m è¯·æ±‚ç±»å‹:GETè¯·æ±‚url:/rapserver/css/label.cssè¯·æ±‚å‚æ•°ï¼š{}
[log][2019/12/25 21:02:42][function responseData(ret, request, response, type,isFile) ]:è¯·æ±‚ç»“æœä¸ºé™æ€æ–‡ä»¶ï¼šD:/git/rapserver-github/rapserver/static/dest/rapserver/css/label.css
[log][2019/12/25 21:02:42][function (req,callback) ]:ç´¯è®¡è¯·æ±‚:[31m10[39m è¯·æ±‚ç±»å‹:GETè¯·æ±‚url:/rapserver/css/module/layout-header.cssè¯·æ±‚å‚æ•°ï¼š{}
[log][2019/12/25 21:02:42][function responseData(ret, request, response, type,isFile) ]:è¯·æ±‚ç»“æœä¸ºé™æ€æ–‡ä»¶ï¼šD:/git/rapserver-github/rapserver/static/dest/rapserver/css/module/layout-header.css
[log][2019/12/25 21:02:42][function (req,callback) ]:ç´¯è®¡è¯·æ±‚:[31m11[39m è¯·æ±‚ç±»å‹:GETè¯·æ±‚url:/rapserver/css/html/index.cssè¯·æ±‚å‚æ•°ï¼š{}
[log][2019/12/25 21:02:42][function responseData(ret, request, response, type,isFile) ]:è¯·æ±‚ç»“æœä¸ºé™æ€æ–‡ä»¶ï¼šD:/git/rapserver-github/rapserver/static/dest/rapserver/css/html/index.css
[log][2019/12/25 21:02:42][function (req,callback) ]:ç´¯è®¡è¯·æ±‚:[31m12[39m è¯·æ±‚ç±»å‹:GETè¯·æ±‚url:/rapserver/css/module/layout-footer.cssè¯·æ±‚å‚æ•°ï¼š{}
[log][2019/12/25 21:02:42][function responseData(ret, request, response, type,isFile) ]:è¯·æ±‚ç»“æœä¸ºé™æ€æ–‡ä»¶ï¼šD:/git/rapserver-github/rapserver/static/dest/rapserver/css/module/layout-footer.css
[log][2019/12/25 21:02:42][function (req,callback) ]:ç´¯è®¡è¯·æ±‚:[31m13[39m è¯·æ±‚ç±»å‹:GETè¯·æ±‚url:/rapserver/js/RBT/prototype.jsè¯·æ±‚å‚æ•°ï¼š{}
[log][2019/12/25 21:02:42][function responseData(ret, request, response, type,isFile) ]:è¯·æ±‚ç»“æœä¸ºé™æ€æ–‡ä»¶ï¼šD:/git/rapserver-github/rapserver/static/dest/rapserver/js/RBT/prototype.js
[log][2019/12/25 21:02:42][function (req,callback) ]:ç´¯è®¡è¯·æ±‚:[31m14[39m è¯·æ±‚ç±»å‹:GETè¯·æ±‚url:/rapserver/js/RBT/dl-img/loading.gifè¯·æ±‚å‚æ•°ï¼š{}
[log][2019/12/25 21:02:42][function responseData(ret, request, response, type,isFile) ]:è¯·æ±‚ç»“æœä¸ºé™æ€æ–‡ä»¶ï¼šD:/git/rapserver-github/rapserver/static/dest/rapserver/js/RBT/dl-img/loading.gif
[log][2019/12/25 21:02:42][function (req,callback) ]:ç´¯è®¡è¯·æ±‚:[31m15[39m è¯·æ±‚ç±»å‹:GETè¯·æ±‚url:/rapserver/js/RBT/each.jsè¯·æ±‚å‚æ•°ï¼š{}
[log][2019/12/25 21:02:42][function responseData(ret, request, response, type,isFile) ]:è¯·æ±‚ç»“æœä¸ºé™æ€æ–‡ä»¶ï¼šD:/git/rapserver-github/rapserver/static/dest/rapserver/js/RBT/each.js
[log][2019/12/25 21:02:42][function (req,callback) ]:ç´¯è®¡è¯·æ±‚:[31m16[39m è¯·æ±‚ç±»å‹:GETè¯·æ±‚url:/rapserver/js/RBT/extend.jsè¯·æ±‚å‚æ•°ï¼š{}
[log][2019/12/25 21:02:42][function responseData(ret, request, response, type,isFile) ]:è¯·æ±‚ç»“æœä¸ºé™æ€æ–‡ä»¶ï¼šD:/git/rapserver-github/rapserver/static/dest/rapserver/js/RBT/extend.js
[log][2019/12/25 21:02:42][function (req,callback) ]:ç´¯è®¡è¯·æ±‚:[31m17[39m è¯·æ±‚ç±»å‹:GETè¯·æ±‚url:/rapserver/js/RBT/browser.jsè¯·æ±‚å‚æ•°ï¼š{}
[log][2019/12/25 21:02:42][function responseData(ret, request, response, type,isFile) ]:è¯·æ±‚ç»“æœä¸ºé™æ€æ–‡ä»¶ï¼šD:/git/rapserver-github/rapserver/static/dest/rapserver/js/RBT/browser.js
[log][2019/12/25 21:02:42][function (req,callback) ]:ç´¯è®¡è¯·æ±‚:[31m18[39m è¯·æ±‚ç±»å‹:GETè¯·æ±‚url:/rapserver/js/RBT/dom.jsè¯·æ±‚å‚æ•°ï¼š{}
[log][2019/12/25 21:02:42][function responseData(ret, request, response, type,isFile) ]:è¯·æ±‚ç»“æœä¸ºé™æ€æ–‡ä»¶ï¼šD:/git/rapserver-github/rapserver/static/dest/rapserver/js/RBT/dom.js
[log][2019/12/25 21:02:42][function (req,callback) ]:ç´¯è®¡è¯·æ±‚:[31m19[39m è¯·æ±‚ç±»å‹:GETè¯·æ±‚url:/rapserver/js/RBT/ajax.jsè¯·æ±‚å‚æ•°ï¼š{}
[log][2019/12/25 21:02:42][function responseData(ret, request, response, type,isFile) ]:è¯·æ±‚ç»“æœä¸ºé™æ€æ–‡ä»¶ï¼šD:/git/rapserver-github/rapserver/static/dest/rapserver/js/RBT/ajax.js
[log][2019/12/25 21:02:42][function (req,callback) ]:ç´¯è®¡è¯·æ±‚:[31m20[39m è¯·æ±‚ç±»å‹:GETè¯·æ±‚url:/rapserver/js/RBT/resize.jsè¯·æ±‚å‚æ•°ï¼š{}
[log][2019/12/25 21:02:42][function responseData(ret, request, response, type,isFile) ]:è¯·æ±‚ç»“æœä¸ºé™æ€æ–‡ä»¶ï¼šD:/git/rapserver-github/rapserver/static/dest/rapserver/js/RBT/resize.js
[log][2019/12/25 21:02:42][function (req,callback) ]:ç´¯è®¡è¯·æ±‚:[31m21[39m è¯·æ±‚ç±»å‹:GETè¯·æ±‚url:/rapserver/js/RBT/localStorage.jsè¯·æ±‚å‚æ•°ï¼š{}
[log][2019/12/25 21:02:42][function responseData(ret, request, response, type,isFile) ]:è¯·æ±‚ç»“æœä¸ºé™æ€æ–‡ä»¶ï¼šD:/git/rapserver-github/rapserver/static/dest/rapserver/js/RBT/localStorage.js
[log][2019/12/25 21:02:42][function (req,callback) ]:ç´¯è®¡è¯·æ±‚:[31m22[39m è¯·æ±‚ç±»å‹:GETè¯·æ±‚url:/rapserver/js/RBT/url.jsè¯·æ±‚å‚æ•°ï¼š{}
[log][2019/12/25 21:02:42][function responseData(ret, request, response, type,isFile) ]:è¯·æ±‚ç»“æœä¸ºé™æ€æ–‡ä»¶ï¼šD:/git/rapserver-github/rapserver/static/dest/rapserver/js/RBT/url.js
[log][2019/12/25 21:02:42][function (req,callback) ]:ç´¯è®¡è¯·æ±‚:[31m23[39m è¯·æ±‚ç±»å‹:GETè¯·æ±‚url:/rapserver/js/RBT/template.jsè¯·æ±‚å‚æ•°ï¼š{}
[log][2019/12/25 21:02:42][function responseData(ret, request, response, type,isFile) ]:è¯·æ±‚ç»“æœä¸ºé™æ€æ–‡ä»¶ï¼šD:/git/rapserver-github/rapserver/static/dest/rapserver/js/RBT/template.js
[log][2019/12/25 21:02:42][function (req,callback) ]:ç´¯è®¡è¯·æ±‚:[31m24[39m è¯·æ±‚ç±»å‹:GETè¯·æ±‚url:/rapserver/js/RBT/downMenu.jsè¯·æ±‚å‚æ•°ï¼š{}
[log][2019/12/25 21:02:42][function responseData(ret, request, response, type,isFile) ]:è¯·æ±‚ç»“æœä¸ºé™æ€æ–‡ä»¶ï¼šD:/git/rapserver-github/rapserver/static/dest/rapserver/js/RBT/downMenu.js
[log][2019/12/25 21:02:42][function (req,callback) ]:ç´¯è®¡è¯·æ±‚:[31m25[39m è¯·æ±‚ç±»å‹:GETè¯·æ±‚url:/rapserver/js/RBT/floatHeight.jsè¯·æ±‚å‚æ•°ï¼š{}
[log][2019/12/25 21:02:42][function responseData(ret, request, response, type,isFile) ]:è¯·æ±‚ç»“æœä¸ºé™æ€æ–‡ä»¶ï¼šD:/git/rapserver-github/rapserver/static/dest/rapserver/js/RBT/floatHeight.js
[log][2019/12/25 21:02:42][function (req,callback) ]:ç´¯è®¡è¯·æ±‚:[31m26[39m è¯·æ±‚ç±»å‹:GETè¯·æ±‚url:/rapserver/js/RBT/validForm.jsè¯·æ±‚å‚æ•°ï¼š{}
[log][2019/12/25 21:02:42][function responseData(ret, request, response, type,isFile) ]:è¯·æ±‚ç»“æœä¸ºé™æ€æ–‡ä»¶ï¼šD:/git/rapserver-github/rapserver/static/dest/rapserver/js/RBT/validForm.js
[log][2019/12/25 21:02:42][function (req,callback) ]:ç´¯è®¡è¯·æ±‚:[31m27[39m è¯·æ±‚ç±»å‹:GETè¯·æ±‚url:/rapserver/js/RBT/dialog.jsè¯·æ±‚å‚æ•°ï¼š{}
[log][2019/12/25 21:02:42][function responseData(ret, request, response, type,isFile) ]:è¯·æ±‚ç»“æœä¸ºé™æ€æ–‡ä»¶ï¼šD:/git/rapserver-github/rapserver/static/dest/rapserver/js/RBT/dialog.js
[log][2019/12/25 21:02:42][function (req,callback) ]:ç´¯è®¡è¯·æ±‚:[31m28[39m è¯·æ±‚ç±»å‹:GETè¯·æ±‚url:/rapserver/js/RBT/socket.jsè¯·æ±‚å‚æ•°ï¼š{}
[log][2019/12/25 21:02:42][function responseData(ret, request, response, type,isFile) ]:è¯·æ±‚ç»“æœä¸ºé™æ€æ–‡ä»¶ï¼šD:/git/rapserver-github/rapserver/static/dest/rapserver/js/RBT/socket.js
[log][2019/12/25 21:02:42][function (req,callback) ]:ç´¯è®¡è¯·æ±‚:[31m29[39m è¯·æ±‚ç±»å‹:GETè¯·æ±‚url:/rapserver/js/RBT/chart.jsè¯·æ±‚å‚æ•°ï¼š{}
[log][2019/12/25 21:02:42][function responseData(ret, request, response, type,isFile) ]:è¯·æ±‚ç»“æœä¸ºé™æ€æ–‡ä»¶ï¼šD:/git/rapserver-github/rapserver/static/dest/rapserver/js/RBT/chart.js
[log][2019/12/25 21:02:42][function (req,callback) ]:ç´¯è®¡è¯·æ±‚:[31m30[39m è¯·æ±‚ç±»å‹:GETè¯·æ±‚url:/rapserver/js/RBT/performance.jsè¯·æ±‚å‚æ•°ï¼š{}
[log][2019/12/25 21:02:42][function responseData(ret, request, response, type,isFile) ]:è¯·æ±‚ç»“æœä¸ºé™æ€æ–‡ä»¶ï¼šD:/git/rapserver-github/rapserver/static/dest/rapserver/js/RBT/performance.js
[log][2019/12/25 21:02:42][function (req,callback) ]:ç´¯è®¡è¯·æ±‚:[31m31[39m è¯·æ±‚ç±»å‹:GETè¯·æ±‚url:/rapserver/js/module/layout-header.jsè¯·æ±‚å‚æ•°ï¼š{}
[log][2019/12/25 21:02:42][function responseData(ret, request, response, type,isFile) ]:è¯·æ±‚ç»“æœä¸ºé™æ€æ–‡ä»¶ï¼šD:/git/rapserver-github/rapserver/static/dest/rapserver/js/module/layout-header.js
[log][2019/12/25 21:02:42][function (req,callback) ]:ç´¯è®¡è¯·æ±‚:[31m32[39m è¯·æ±‚ç±»å‹:GETè¯·æ±‚url:/rapserver/js/html/index.jsè¯·æ±‚å‚æ•°ï¼š{}
[log][2019/12/25 21:02:42][function responseData(ret, request, response, type,isFile) ]:è¯·æ±‚ç»“æœä¸ºé™æ€æ–‡ä»¶ï¼šD:/git/rapserver-github/rapserver/static/dest/rapserver/js/html/index.js
[log][2019/12/25 21:02:42][function (req,callback) ]:ç´¯è®¡è¯·æ±‚:[31m33[39m è¯·æ±‚ç±»å‹:GETè¯·æ±‚url:/rapserver/img/logo.pngè¯·æ±‚å‚æ•°ï¼š{}
[log][2019/12/25 21:02:42][function responseData(ret, request, response, type,isFile) ]:è¯·æ±‚ç»“æœä¸ºé™æ€æ–‡ä»¶ï¼šD:/git/rapserver-github/rapserver/static/dest/rapserver/img/logo.png
[log][2019/12/25 21:02:42][function (req,callback) ]:ç´¯è®¡è¯·æ±‚:[31m34[39m è¯·æ±‚ç±»å‹:GETè¯·æ±‚url:/rapserver/css/iconmoon/fonts/icomoon.ttfè¯·æ±‚å‚æ•°ï¼š{"a0opvm":""}
[log][2019/12/25 21:02:42][function responseData(ret, request, response, type,isFile) ]:è¯·æ±‚ç»“æœä¸ºé™æ€æ–‡ä»¶ï¼šD:/git/rapserver-github/rapserver/static/dest/rapserver/css/iconmoon/fonts/icomoon.ttf
[log][2019/12/25 21:02:43][function (req,callback) ]:ç´¯è®¡è¯·æ±‚:[31m35[39m è¯·æ±‚ç±»å‹:GETè¯·æ±‚url:/root/getè¯·æ±‚å‚æ•°ï¼š{}
[log][2019/12/25 21:02:43][function responseData(ret, request, response, type,isFile) ]:è¯·æ±‚ç»“æœapplication/json
[log][2019/12/25 21:02:43][function responseData(ret, request, response, type,isFile) ]:è¯·æ±‚ç»“æœapplication/json
[log][2019/12/25 21:02:44][function (req,callback) ]:ç´¯è®¡è¯·æ±‚:[31m36[39m è¯·æ±‚ç±»å‹:GETè¯·æ±‚url:/rapserver/favicon.icoè¯·æ±‚å‚æ•°ï¼š{"rootId":"rapserver"}
[log][2019/12/25 21:02:44][function responseData(ret, request, response, type,isFile) ]:è¯·æ±‚ç»“æœä¸ºé™æ€æ–‡ä»¶ï¼šD:/git/rapserver-github/rapserver/static/dest/rapserver/favicon.ico
